<?xml version="1.0" encoding="UTF-8"?>
<testng-results skipped="0" failed="0" ignored="0" total="1" passed="1">
  <reporter-output>
  </reporter-output>
  <suite name="Default suite" duration-ms="31" started-at="2019-03-11T07:32:30Z" finished-at="2019-03-11T07:32:30Z">
    <groups>
    </groups>
    <test name="Default test" duration-ms="31" started-at="2019-03-11T07:32:30Z" finished-at="2019-03-11T07:32:30Z">
      <class name="pac1.Pattern">
        <test-method status="PASS" signature="numPattern()[pri:0, instance:pac1.Pattern@15d0c81b]" name="numPattern" duration-ms="8" started-at="2019-03-11T07:32:30Z" finished-at="2019-03-11T07:32:30Z">
          <reporter-output>
          </reporter-output>
        </test-method> <!-- numPattern -->
      </class> <!-- pac1.Pattern -->
    </test> <!-- Default test -->
  </suite> <!-- Default suite -->
</testng-results>
